[[1;34mINFO[m] Scanning for projects...
[[1;33mWARNING[m] 
[[1;33mWARNING[m] Some problems were encountered while building the effective model for com.develop:parent-project:pom:1.0-SNAPSHOT
[[1;33mWARNING[m] 'build.pluginManagement.plugins.plugin.(groupId:artifactId)' must be unique but found duplicate declaration of plugin org.apache.maven.plugins:maven-resources-plugin @ line 80, column 17
[[1;33mWARNING[m] 
[[1;33mWARNING[m] It is highly recommended to fix these problems because they threaten the stability of your build.
[[1;33mWARNING[m] 
[[1;33mWARNING[m] For this reason, future Maven versions might no longer support building such malformed projects.
[[1;33mWARNING[m] 
[[1;34mINFO[m] [1m------------------------------------------------------------------------[m
[[1;34mINFO[m] [1mReactor Build Order:[m
[[1;34mINFO[m] 
[[1;34mINFO[m] skill-up                                                           [jar]
[[1;34mINFO[m] parent-project                                                     [pom]
[[1;34mINFO[m] 
[[1;34mINFO[m] [1m------------------< [0;36mcom.develop.skill:config-server[0;1m >-------------------[m
[[1;34mINFO[m] [1mBuilding skill-up 0.0.1-SNAPSHOT                                   [1/2][m
[[1;34mINFO[m] [1m--------------------------------[ jar ]---------------------------------[m
[[1;34mINFO[m] 
[[1;34mINFO[m] [1m--- [0;32mmaven-clean-plugin:3.1.0:clean[m [1m(default-clean)[m @ [36mconfig-server[0;1m ---[m
[[1;34mINFO[m] Deleting /media/max/263dbc9c-4dba-49b9-b3c4-d152e3eac4da/Projects/parent-project/skill-up/target
[[1;34mINFO[m] 
[[1;34mINFO[m] [1m--- [0;32mmaven-resources-plugin:3.2.0:copy-resources[m [1m(copy-resources)[m @ [36mconfig-server[0;1m ---[m
[[1;34mINFO[m] Using 'UTF-8' encoding to copy filtered resources.
[[1;34mINFO[m] Using 'UTF-8' encoding to copy filtered properties files.
[[1;34mINFO[m] Copying 2 resources
[[1;34mINFO[m] 
[[1;34mINFO[m] [1m--- [0;32mmaven-resources-plugin:3.2.0:resources[m [1m(default-resources)[m @ [36mconfig-server[0;1m ---[m
[[1;34mINFO[m] Using 'UTF-8' encoding to copy filtered resources.
[[1;34mINFO[m] Using 'UTF-8' encoding to copy filtered properties files.
[[1;34mINFO[m] Copying 1 resource
[[1;34mINFO[m] Copying 1 resource
[[1;34mINFO[m] 
[[1;34mINFO[m] [1m--- [0;32mmaven-compiler-plugin:3.8.1:compile[m [1m(default-compile)[m @ [36mconfig-server[0;1m ---[m
[[1;34mINFO[m] Changes detected - recompiling the module!
[[1;34mINFO[m] Compiling 1 source file to /media/max/263dbc9c-4dba-49b9-b3c4-d152e3eac4da/Projects/parent-project/skill-up/target/classes
[[1;34mINFO[m] 
[[1;34mINFO[m] [1m--- [0;32mmaven-resources-plugin:3.2.0:testResources[m [1m(default-testResources)[m @ [36mconfig-server[0;1m ---[m
[[1;34mINFO[m] Using 'UTF-8' encoding to copy filtered resources.
[[1;34mINFO[m] Using 'UTF-8' encoding to copy filtered properties files.
[[1;34mINFO[m] skip non existing resourceDirectory /media/max/263dbc9c-4dba-49b9-b3c4-d152e3eac4da/Projects/parent-project/skill-up/src/test/resources
[[1;34mINFO[m] 
[[1;34mINFO[m] [1m--- [0;32mmaven-compiler-plugin:3.8.1:testCompile[m [1m(default-testCompile)[m @ [36mconfig-server[0;1m ---[m
[[1;34mINFO[m] Changes detected - recompiling the module!
[[1;34mINFO[m] Compiling 1 source file to /media/max/263dbc9c-4dba-49b9-b3c4-d152e3eac4da/Projects/parent-project/skill-up/target/test-classes
[[1;34mINFO[m] 
[[1;34mINFO[m] [1m--- [0;32mmaven-surefire-plugin:2.22.2:test[m [1m(default-test)[m @ [36mconfig-server[0;1m ---[m
[[1;34mINFO[m] 
[[1;34mINFO[m] -------------------------------------------------------
[[1;34mINFO[m]  T E S T S
[[1;34mINFO[m] -------------------------------------------------------
[[1;34mINFO[m] Running com.develop.skill.[1mSkillUpApplicationTests[m
23:49:20.749 [main] DEBUG org.springframework.test.context.BootstrapUtils - Instantiating CacheAwareContextLoaderDelegate from class [org.springframework.test.context.cache.DefaultCacheAwareContextLoaderDelegate]
23:49:20.757 [main] DEBUG org.springframework.test.context.BootstrapUtils - Instantiating BootstrapContext using constructor [public org.springframework.test.context.support.DefaultBootstrapContext(java.lang.Class,org.springframework.test.context.CacheAwareContextLoaderDelegate)]
23:49:20.778 [main] DEBUG org.springframework.test.context.BootstrapUtils - Instantiating TestContextBootstrapper for test class [com.develop.skill.SkillUpApplicationTests] from class [org.springframework.boot.test.context.SpringBootTestContextBootstrapper]
23:49:20.785 [main] INFO org.springframework.boot.test.context.SpringBootTestContextBootstrapper - Neither @ContextConfiguration nor @ContextHierarchy found for test class [com.develop.skill.SkillUpApplicationTests], using SpringBootContextLoader
23:49:20.787 [main] DEBUG org.springframework.test.context.support.AbstractContextLoader - Did not detect default resource location for test class [com.develop.skill.SkillUpApplicationTests]: class path resource [com/develop/skill/SkillUpApplicationTests-context.xml] does not exist
23:49:20.787 [main] DEBUG org.springframework.test.context.support.AbstractContextLoader - Did not detect default resource location for test class [com.develop.skill.SkillUpApplicationTests]: class path resource [com/develop/skill/SkillUpApplicationTestsContext.groovy] does not exist
23:49:20.788 [main] INFO org.springframework.test.context.support.AbstractContextLoader - Could not detect default resource locations for test class [com.develop.skill.SkillUpApplicationTests]: no resource found for suffixes {-context.xml, Context.groovy}.
23:49:20.788 [main] INFO org.springframework.test.context.support.AnnotationConfigContextLoaderUtils - Could not detect default configuration classes for test class [com.develop.skill.SkillUpApplicationTests]: SkillUpApplicationTests does not declare any static, non-private, non-final, nested classes annotated with @Configuration.
23:49:20.813 [main] DEBUG org.springframework.test.context.support.ActiveProfilesUtils - Could not find an 'annotation declaring class' for annotation type [org.springframework.test.context.ActiveProfiles] and class [com.develop.skill.SkillUpApplicationTests]
23:49:20.844 [main] DEBUG org.springframework.context.annotation.ClassPathScanningCandidateComponentProvider - Identified candidate component class: file [/media/max/263dbc9c-4dba-49b9-b3c4-d152e3eac4da/Projects/parent-project/skill-up/target/classes/com/develop/skill/SkillUpApplication.class]
23:49:20.845 [main] INFO org.springframework.boot.test.context.SpringBootTestContextBootstrapper - Found @SpringBootConfiguration com.develop.skill.SkillUpApplication for test class com.develop.skill.SkillUpApplicationTests
23:49:20.900 [main] DEBUG org.springframework.boot.test.context.SpringBootTestContextBootstrapper - @TestExecutionListeners is not present for class [com.develop.skill.SkillUpApplicationTests]: using defaults.
23:49:20.900 [main] INFO org.springframework.boot.test.context.SpringBootTestContextBootstrapper - Loaded default TestExecutionListener class names from location [META-INF/spring.factories]: [org.springframework.boot.test.mock.mockito.MockitoTestExecutionListener, org.springframework.boot.test.mock.mockito.ResetMocksTestExecutionListener, org.springframework.boot.test.autoconfigure.restdocs.RestDocsTestExecutionListener, org.springframework.boot.test.autoconfigure.web.client.MockRestServiceServerResetTestExecutionListener, org.springframework.boot.test.autoconfigure.web.servlet.MockMvcPrintOnlyOnFailureTestExecutionListener, org.springframework.boot.test.autoconfigure.web.servlet.WebDriverTestExecutionListener, org.springframework.boot.test.autoconfigure.webservices.client.MockWebServiceServerTestExecutionListener, org.springframework.test.context.web.ServletTestExecutionListener, org.springframework.test.context.support.DirtiesContextBeforeModesTestExecutionListener, org.springframework.test.context.support.DependencyInjectionTestExecutionListener, org.springframework.test.context.support.DirtiesContextTestExecutionListener, org.springframework.test.context.transaction.TransactionalTestExecutionListener, org.springframework.test.context.jdbc.SqlScriptsTestExecutionListener, org.springframework.test.context.event.EventPublishingTestExecutionListener]
23:49:20.907 [main] DEBUG org.springframework.boot.test.context.SpringBootTestContextBootstrapper - Skipping candidate TestExecutionListener [org.springframework.test.context.transaction.TransactionalTestExecutionListener] due to a missing dependency. Specify custom listener classes or make the default listener classes and their required dependencies available. Offending class: [org/springframework/transaction/interceptor/TransactionAttributeSource]
23:49:20.907 [main] DEBUG org.springframework.boot.test.context.SpringBootTestContextBootstrapper - Skipping candidate TestExecutionListener [org.springframework.test.context.jdbc.SqlScriptsTestExecutionListener] due to a missing dependency. Specify custom listener classes or make the default listener classes and their required dependencies available. Offending class: [org/springframework/transaction/interceptor/TransactionAttribute]
23:49:20.908 [main] INFO org.springframework.boot.test.context.SpringBootTestContextBootstrapper - Using TestExecutionListeners: [org.springframework.test.context.web.ServletTestExecutionListener@125290e5, org.springframework.test.context.support.DirtiesContextBeforeModesTestExecutionListener@6fa34d52, org.springframework.boot.test.mock.mockito.MockitoTestExecutionListener@57576994, org.springframework.boot.test.autoconfigure.SpringBootDependencyInjectionTestExecutionListener@616ac46a, org.springframework.test.context.support.DirtiesContextTestExecutionListener@67b9b51a, org.springframework.test.context.event.EventPublishingTestExecutionListener@1205bd62, org.springframework.boot.test.mock.mockito.ResetMocksTestExecutionListener@7ef27d7f, org.springframework.boot.test.autoconfigure.restdocs.RestDocsTestExecutionListener@490caf5f, org.springframework.boot.test.autoconfigure.web.client.MockRestServiceServerResetTestExecutionListener@6337c201, org.springframework.boot.test.autoconfigure.web.servlet.MockMvcPrintOnlyOnFailureTestExecutionListener@5c669da8, org.springframework.boot.test.autoconfigure.web.servlet.WebDriverTestExecutionListener@31920ade, org.springframework.boot.test.autoconfigure.webservices.client.MockWebServiceServerTestExecutionListener@1d483de4]
23:49:20.910 [main] DEBUG org.springframework.test.context.support.AbstractDirtiesContextTestExecutionListener - Before test class: context [DefaultTestContext@6304101a testClass = SkillUpApplicationTests, testInstance = [null], testMethod = [null], testException = [null], mergedContextConfiguration = [WebMergedContextConfiguration@5170bcf4 testClass = SkillUpApplicationTests, locations = '{}', classes = '{class com.develop.skill.SkillUpApplication}', contextInitializerClasses = '[]', activeProfiles = '{}', propertySourceLocations = '{}', propertySourceProperties = '{org.springframework.boot.test.context.SpringBootTestContextBootstrapper=true}', contextCustomizers = set[org.springframework.boot.test.context.filter.ExcludeFilterContextCustomizer@71c3b41, org.springframework.boot.test.json.DuplicateJsonObjectContextCustomizerFactory$DuplicateJsonObjectContextCustomizer@6bf0219d, org.springframework.boot.test.mock.mockito.MockitoContextCustomizer@0, org.springframework.boot.test.web.client.TestRestTemplateContextCustomizer@2cdd0d4b, org.springframework.boot.test.web.reactive.server.WebTestClientContextCustomizer@44a7bfbc, org.springframework.boot.test.autoconfigure.actuate.metrics.MetricsExportContextCustomizerFactory$DisableMetricExportContextCustomizer@2beee7ff, org.springframework.boot.test.autoconfigure.properties.PropertyMappingContextCustomizer@0, org.springframework.boot.test.autoconfigure.web.servlet.WebDriverContextCustomizerFactory$Customizer@3246fb96, org.springframework.boot.test.context.SpringBootTestArgs@1, org.springframework.boot.test.context.SpringBootTestWebEnvironment@6e6c3152], resourceBasePath = 'src/main/webapp', contextLoader = 'org.springframework.boot.test.context.SpringBootContextLoader', parent = [null]], attributes = map['org.springframework.test.context.web.ServletTestExecutionListener.activateListener' -> true]], class annotated with @DirtiesContext [false] with mode [null].
23:49:20.931 [main] DEBUG org.springframework.test.context.support.TestPropertySourceUtils - Adding inlined properties to environment: {spring.jmx.enabled=false, org.springframework.boot.test.context.SpringBootTestContextBootstrapper=true}

  .   ____          _            __ _ _
 /\\ / ___'_ __ _ _(_)_ __  __ _ \ \ \ \
( ( )\___ | '_ | '_| | '_ \/ _` | \ \ \ \
 \\/  ___)| |_)| | | | | || (_| |  ) ) ) )
  '  |____| .__|_| |_|_| |_\__, | / / / /
 =========|_|==============|___/=/_/_/_/
 :: Spring Boot ::                (v2.4.0)

2021-02-22 23:49:21.140  INFO 54756 --- [           main] c.develop.skill.SkillUpApplicationTests  : Starting SkillUpApplicationTests using Java 14.0.2 on max-legion with PID 54756 (started by max in /media/max/263dbc9c-4dba-49b9-b3c4-d152e3eac4da/Projects/parent-project/skill-up)
2021-02-22 23:49:21.141  INFO 54756 --- [           main] c.develop.skill.SkillUpApplicationTests  : No active profile set, falling back to default profiles: default
2021-02-22 23:49:21.820  INFO 54756 --- [           main] o.s.cloud.context.scope.GenericScope     : BeanFactory id=de726520-5991-355c-95ef-bb23edb282cc
2021-02-22 23:49:22.206  INFO 54756 --- [           main] o.s.s.concurrent.ThreadPoolTaskExecutor  : Initializing ExecutorService 'applicationTaskExecutor'
2021-02-22 23:49:22.571  INFO 54756 --- [           main] o.s.b.a.e.web.EndpointLinksResolver      : Exposing 2 endpoint(s) beneath base path '/actuator'
2021-02-22 23:49:22.604  INFO 54756 --- [           main] c.develop.skill.SkillUpApplicationTests  : Started SkillUpApplicationTests in 1.669 seconds (JVM running for 2.231)
[[1;34mINFO[m] [1;32mTests run: [0;1;32m1[m, Failures: 0, Errors: 0, Skipped: 0, Time elapsed: 2.153 s - in com.develop.skill.[1mSkillUpApplicationTests[m
2021-02-22 23:49:22.878  INFO 54756 --- [extShutdownHook] o.s.s.concurrent.ThreadPoolTaskExecutor  : Shutting down ExecutorService 'applicationTaskExecutor'
[[1;34mINFO[m] 
[[1;34mINFO[m] Results:
[[1;34mINFO[m] 
[[1;34mINFO[m] [1;32mTests run: 1, Failures: 0, Errors: 0, Skipped: 0[m
[[1;34mINFO[m] 
[[1;34mINFO[m] 
[[1;34mINFO[m] [1m--- [0;32mmaven-jar-plugin:3.2.0:jar[m [1m(default-jar)[m @ [36mconfig-server[0;1m ---[m
[[1;34mINFO[m] Building jar: /media/max/263dbc9c-4dba-49b9-b3c4-d152e3eac4da/Projects/parent-project/skill-up/target/config-server-0.0.1-SNAPSHOT.jar
[[1;34mINFO[m] 
[[1;34mINFO[m] [1m--- [0;32mspring-boot-maven-plugin:2.4.0:repackage[m [1m(repackage)[m @ [36mconfig-server[0;1m ---[m
[[1;34mINFO[m] Replacing main artifact with repackaged archive
[[1;34mINFO[m] 
[[1;34mINFO[m] [1m--- [0;32mdocker-maven-plugin:0.4.10:build[m [1m(default-cli)[m @ [36mconfig-server[0;1m ---[m
[[1;34mINFO[m] Copying /media/max/263dbc9c-4dba-49b9-b3c4-d152e3eac4da/Projects/parent-project/skill-up/target/dockerfile/run.sh -> /media/max/263dbc9c-4dba-49b9-b3c4-d152e3eac4da/Projects/parent-project/skill-up/target/docker/run.sh
[[1;34mINFO[m] Copying /media/max/263dbc9c-4dba-49b9-b3c4-d152e3eac4da/Projects/parent-project/skill-up/target/dockerfile/Dockerfile -> /media/max/263dbc9c-4dba-49b9-b3c4-d152e3eac4da/Projects/parent-project/skill-up/target/docker/Dockerfile
[[1;34mINFO[m] Building image skill-up/confsvr:udef
Step 1/8 : FROM openjdk:8-jdk-alpine

 ---> a3562aa0b991
Step 2/8 : RUN  apt-get update && apt-get upgrade && apt-get add netcat-openbsd && apt-get add curl

 ---> Using cache
 ---> a4f71fa6852a
Step 3/8 : RUN mkdir -p /usr/local/configserver

 ---> Using cache
 ---> bcc7f5f5b8c6
Step 4/8 : RUN cd /tmp/ &&     wget "http://download.oracle.com/otn-pub/java/jce/8/jce_policy-8.zip" --header 'Cookie: oraclelicense=accept-securebackup-cookie' &&     unzip jce_policy-8.zip &&     rm jce_policy-8.zip &&     yes |cp -v /tmp/UnlimitedJCEPolicyJDK8/*.jar /usr/lib/jvm/java-1.8-openjdk/jre/lib/security/

 ---> Using cache
 ---> 9ba15031132b
Step 5/8 : ADD config-server-0.0.1-SNAPSHOT.jar /usr/local/configserver/

[[1;34mINFO[m] [1m------------------------------------------------------------------------[m
[[1;34mINFO[m] [1mReactor Summary:[m
[[1;34mINFO[m] 
[[1;34mINFO[m] skill-up 0.0.1-SNAPSHOT ............................ [1;31mFAILURE[m [  5.457 s]
[[1;34mINFO[m] parent-project 1.0-SNAPSHOT ........................ [1;33mSKIPPED[m
[[1;34mINFO[m] [1m------------------------------------------------------------------------[m
[[1;34mINFO[m] [1;31mBUILD FAILURE[m
[[1;34mINFO[m] [1m------------------------------------------------------------------------[m
[[1;34mINFO[m] Total time:  5.657 s
[[1;34mINFO[m] Finished at: 2021-02-22T23:49:24+06:00
[[1;34mINFO[m] [1m------------------------------------------------------------------------[m
[[1;31mERROR[m] Failed to execute goal [32mcom.spotify:docker-maven-plugin:0.4.10:build[m [1m(default-cli)[m on project [36mconfig-server[m: [1;31mException caught[m: ADD failed: file not found in build context or excluded by .dockerignore: stat config-server-0.0.1-SNAPSHOT.jar: file does not exist -> [1m[Help 1][m
[[1;31mERROR[m] 
[[1;31mERROR[m] To see the full stack trace of the errors, re-run Maven with the [1m-e[m switch.
[[1;31mERROR[m] Re-run Maven using the [1m-X[m switch to enable full debug logging.
[[1;31mERROR[m] 
[[1;31mERROR[m] For more information about the errors and possible solutions, please read the following articles:
[[1;31mERROR[m] [1m[Help 1][m http://cwiki.apache.org/confluence/display/MAVEN/MojoExecutionException
